# Pipeline run 20260614_094003_f45e9fc5

Started at (UTC): 2026-06-14T09:40:03.746713+00:00

[09:40:03] Run id: 20260614_094003_f45e9fc5
[09:40:03] Symbols: BTCUSDT, ETHUSDT, SOLUSDT
[09:40:03] Batch date (T-1 UTC): 2026-06-13
[09:40:03] Bronze container: bronze

## Symbol: BTCUSDT

[09:40:03] Checking source: https://data.binance.vision/data/spot/daily/aggTrades/BTCUSDT/BTCUSDT-aggTrades-2026-06-13.zip
[09:40:04] Downloading and hashing in memory...
[09:40:05] Downloaded 6.0 MiB. sha256 prefix: 0f90d197a7aa
[09:40:05] Uploading raw zip to az://bronze/raw/symbol=BTCUSDT/batch_date=2026-06-13/BTCUSDT-aggTrades-2026-06-13.zip
[09:40:09] Parsing CSV from zip...
[09:40:09] Parsed 413,019 rows, 8 columns
[09:40:09] Uploading parquet copy to UC Volume /Volumes/workspace/default/tickstream_bronze/symbol=BTCUSDT/batch_date=2026-06-13/agg_trades.parquet
[09:40:11] Volume upload done (10.3 MiB)
[09:40:11] Writing Bronze Delta to az://bronze/delta/bronze_agg_trades (append, partitioned by symbol+batch_date)
[09:40:19] BTCUSDT done.

## Symbol: ETHUSDT

[09:40:19] Checking source: https://data.binance.vision/data/spot/daily/aggTrades/ETHUSDT/ETHUSDT-aggTrades-2026-06-13.zip
[09:40:20] Downloading and hashing in memory...
[09:40:21] Downloaded 4.3 MiB. sha256 prefix: ae370807907c
[09:40:21] Uploading raw zip to az://bronze/raw/symbol=ETHUSDT/batch_date=2026-06-13/ETHUSDT-aggTrades-2026-06-13.zip
[09:40:24] Parsing CSV from zip...
[09:40:24] Parsed 291,817 rows, 8 columns
[09:40:24] Uploading parquet copy to UC Volume /Volumes/workspace/default/tickstream_bronze/symbol=ETHUSDT/batch_date=2026-06-13/agg_trades.parquet
[09:40:25] Volume upload done (7.2 MiB)
[09:40:25] Writing Bronze Delta to az://bronze/delta/bronze_agg_trades (append, partitioned by symbol+batch_date)
[09:40:33] ETHUSDT done.

## Symbol: SOLUSDT

[09:40:33] Checking source: https://data.binance.vision/data/spot/daily/aggTrades/SOLUSDT/SOLUSDT-aggTrades-2026-06-13.zip
[09:40:33] Downloading and hashing in memory...
[09:40:35] Downloaded 1.5 MiB. sha256 prefix: f0f439b47210
[09:40:35] Uploading raw zip to az://bronze/raw/symbol=SOLUSDT/batch_date=2026-06-13/SOLUSDT-aggTrades-2026-06-13.zip
[09:40:37] Parsing CSV from zip...
[09:40:37] Parsed 86,158 rows, 8 columns
[09:40:37] Uploading parquet copy to UC Volume /Volumes/workspace/default/tickstream_bronze/symbol=SOLUSDT/batch_date=2026-06-13/agg_trades.parquet
[09:40:38] Volume upload done (2.9 MiB)
[09:40:38] Writing Bronze Delta to az://bronze/delta/bronze_agg_trades (append, partitioned by symbol+batch_date)
[09:40:45] SOLUSDT done.

## Result

- Status: **SUCCESS**
- Summary: processed=3, skipped_unchanged=0, missing_source=0, errors=0
- Ended at (UTC): 2026-06-14T09:40:45.058085+00:00
- Duration: 41.3 seconds
