# Pipeline run 20260603_123444_b411df8e

Started at (UTC): 2026-06-03T12:34:44.861340+00:00

[12:34:44] Run id: 20260603_123444_b411df8e
[12:34:44] Symbols: BTCUSDT, ETHUSDT, SOLUSDT
[12:34:44] Batch date (T-1 UTC): 2026-06-02
[12:34:44] Bronze container: bronze

## Symbol: BTCUSDT

[12:34:44] Checking source: https://data.binance.vision/data/spot/daily/aggTrades/BTCUSDT/BTCUSDT-aggTrades-2026-06-02.zip
[12:34:45] Downloading and hashing in memory...
[12:34:47] Downloaded 23.3 MiB. sha256 prefix: 840ba4cbb1db
[12:34:47] Uploading raw zip to az://bronze/raw/symbol=BTCUSDT/batch_date=2026-06-02/BTCUSDT-aggTrades-2026-06-02.zip
[12:34:50] Parsing CSV from zip...
[12:34:53] Parsed 1,677,042 rows, 8 columns
[12:34:53] Uploading parquet copy to UC Volume /Volumes/workspace/default/tickstream_bronze/symbol=BTCUSDT/batch_date=2026-06-02/agg_trades.parquet
[12:34:56] Volume upload done (40.2 MiB)
[12:34:56] Writing Bronze Delta to az://bronze/delta/bronze_agg_trades (append, partitioned by symbol+batch_date)
[12:35:06] BTCUSDT done.

## Symbol: ETHUSDT

[12:35:06] Checking source: https://data.binance.vision/data/spot/daily/aggTrades/ETHUSDT/ETHUSDT-aggTrades-2026-06-02.zip
[12:35:06] Downloading and hashing in memory...
[12:35:08] Downloaded 20.0 MiB. sha256 prefix: 4b289510091c
[12:35:08] Uploading raw zip to az://bronze/raw/symbol=ETHUSDT/batch_date=2026-06-02/ETHUSDT-aggTrades-2026-06-02.zip
[12:35:12] Parsing CSV from zip...
[12:35:14] Parsed 1,380,545 rows, 8 columns
[12:35:14] Uploading parquet copy to UC Volume /Volumes/workspace/default/tickstream_bronze/symbol=ETHUSDT/batch_date=2026-06-02/agg_trades.parquet
[12:35:16] Volume upload done (32.1 MiB)
[12:35:16] Writing Bronze Delta to az://bronze/delta/bronze_agg_trades (append, partitioned by symbol+batch_date)
[12:35:25] ETHUSDT done.

## Symbol: SOLUSDT

[12:35:25] Checking source: https://data.binance.vision/data/spot/daily/aggTrades/SOLUSDT/SOLUSDT-aggTrades-2026-06-02.zip
[12:35:26] Downloading and hashing in memory...
[12:35:27] Downloaded 3.7 MiB. sha256 prefix: da9b9ab0397a
[12:35:27] Uploading raw zip to az://bronze/raw/symbol=SOLUSDT/batch_date=2026-06-02/SOLUSDT-aggTrades-2026-06-02.zip
[12:35:30] Parsing CSV from zip...
[12:35:30] Parsed 219,980 rows, 8 columns
[12:35:30] Uploading parquet copy to UC Volume /Volumes/workspace/default/tickstream_bronze/symbol=SOLUSDT/batch_date=2026-06-02/agg_trades.parquet
[12:35:31] Volume upload done (6.3 MiB)
[12:35:31] Writing Bronze Delta to az://bronze/delta/bronze_agg_trades (append, partitioned by symbol+batch_date)
[12:35:37] SOLUSDT done.

## Result

- Status: **SUCCESS**
- Summary: processed=3, skipped_unchanged=0, missing_source=0, errors=0
- Ended at (UTC): 2026-06-03T12:35:37.230777+00:00
- Duration: 52.4 seconds
