# Pipeline run 20260603_230946_152996f1

Started at (UTC): 2026-06-03T23:09:46.771312+00:00

[23:09:46] Run id: 20260603_230946_152996f1
[23:09:46] Symbols: BTCUSDT, ETHUSDT, SOLUSDT
[23:09:46] Batch date (T-1 UTC): 2026-06-02
[23:09:46] Bronze container: bronze

## Symbol: BTCUSDT

[23:09:46] Checking source: https://data.binance.vision/data/spot/daily/aggTrades/BTCUSDT/BTCUSDT-aggTrades-2026-06-02.zip
[23:09:47] Downloading and hashing in memory...
[23:09:49] Downloaded 23.3 MiB. sha256 prefix: 840ba4cbb1db
[23:09:49] Hash unchanged since 2026-06-02 (prior ingest at 2026-06-03T12:34:53.774597+00:00). Skipping.

## Symbol: ETHUSDT

[23:09:49] Checking source: https://data.binance.vision/data/spot/daily/aggTrades/ETHUSDT/ETHUSDT-aggTrades-2026-06-02.zip
[23:09:49] Downloading and hashing in memory...
[23:09:51] Downloaded 20.0 MiB. sha256 prefix: 4b289510091c
[23:09:51] Hash unchanged since 2026-06-02 (prior ingest at 2026-06-03T12:35:14.452495+00:00). Skipping.

## Symbol: SOLUSDT

[23:09:51] Checking source: https://data.binance.vision/data/spot/daily/aggTrades/SOLUSDT/SOLUSDT-aggTrades-2026-06-02.zip
[23:09:51] Downloading and hashing in memory...
[23:09:53] Downloaded 3.7 MiB. sha256 prefix: da9b9ab0397a
[23:09:53] Hash unchanged since 2026-06-02 (prior ingest at 2026-06-03T12:35:30.390612+00:00). Skipping.

## Result

- Status: **SKIPPED**
- Summary: processed=0, skipped_unchanged=3, missing_source=0, errors=0
- Ended at (UTC): 2026-06-03T23:09:53.007495+00:00
- Duration: 6.2 seconds
