# Pipeline run 20260615_122215_13556af1

Started at (UTC): 2026-06-15T12:22:15.983080+00:00

[12:22:15] Run id: 20260615_122215_13556af1
[12:22:15] Symbols: BTCUSDT, ETHUSDT, SOLUSDT
[12:22:15] Batch date (T-1 UTC): 2026-06-14
[12:22:15] Bronze container: bronze

## Symbol: BTCUSDT

[12:22:15] Checking source: https://data.binance.vision/data/spot/daily/aggTrades/BTCUSDT/BTCUSDT-aggTrades-2026-06-14.zip
[12:22:16] Downloading and hashing in memory...
[12:22:17] Downloaded 8.2 MiB. sha256 prefix: 6bbf9906fd42
[12:22:17] Uploading raw zip to az://bronze/raw/symbol=BTCUSDT/batch_date=2026-06-14/BTCUSDT-aggTrades-2026-06-14.zip
[12:22:19] Parsing CSV from zip...
[12:22:20] Parsed 574,582 rows, 8 columns
[12:22:20] Uploading parquet copy to UC Volume /Volumes/workspace/default/tickstream_bronze/symbol=BTCUSDT/batch_date=2026-06-14/agg_trades.parquet
[12:22:22] Volume upload done (14.1 MiB)
[12:22:22] Writing Bronze Delta to az://bronze/delta/bronze_agg_trades (append, partitioned by symbol+batch_date)
[12:22:28] BTCUSDT done.

## Symbol: ETHUSDT

[12:22:28] Checking source: https://data.binance.vision/data/spot/daily/aggTrades/ETHUSDT/ETHUSDT-aggTrades-2026-06-14.zip
[12:22:28] Downloading and hashing in memory...
[12:22:30] Downloaded 7.0 MiB. sha256 prefix: c7033fcc185b
[12:22:30] Uploading raw zip to az://bronze/raw/symbol=ETHUSDT/batch_date=2026-06-14/ETHUSDT-aggTrades-2026-06-14.zip
[12:22:32] Parsing CSV from zip...
[12:22:32] Parsed 472,794 rows, 8 columns
[12:22:32] Uploading parquet copy to UC Volume /Volumes/workspace/default/tickstream_bronze/symbol=ETHUSDT/batch_date=2026-06-14/agg_trades.parquet
[12:22:34] Volume upload done (11.4 MiB)
[12:22:34] Writing Bronze Delta to az://bronze/delta/bronze_agg_trades (append, partitioned by symbol+batch_date)
[12:22:39] ETHUSDT done.

## Symbol: SOLUSDT

[12:22:39] Checking source: https://data.binance.vision/data/spot/daily/aggTrades/SOLUSDT/SOLUSDT-aggTrades-2026-06-14.zip
[12:22:40] Downloading and hashing in memory...
[12:22:41] Downloaded 1.8 MiB. sha256 prefix: 6fd49a20eb57
[12:22:41] Uploading raw zip to az://bronze/raw/symbol=SOLUSDT/batch_date=2026-06-14/SOLUSDT-aggTrades-2026-06-14.zip
[12:22:42] Parsing CSV from zip...
[12:22:43] Parsed 106,178 rows, 8 columns
[12:22:43] Uploading parquet copy to UC Volume /Volumes/workspace/default/tickstream_bronze/symbol=SOLUSDT/batch_date=2026-06-14/agg_trades.parquet
[12:22:43] Volume upload done (3.4 MiB)
[12:22:43] Writing Bronze Delta to az://bronze/delta/bronze_agg_trades (append, partitioned by symbol+batch_date)
[12:22:48] SOLUSDT done.

## Result

- Status: **SUCCESS**
- Summary: processed=3, skipped_unchanged=0, missing_source=0, errors=0
- Ended at (UTC): 2026-06-15T12:22:48.934769+00:00
- Duration: 33.0 seconds
