# Pipeline run 20260620_092059_536cb5cf

Started at (UTC): 2026-06-20T09:20:59.297785+00:00

[09:20:59] Run id: 20260620_092059_536cb5cf
[09:20:59] Symbols: BTCUSDT, ETHUSDT, SOLUSDT
[09:20:59] Batch date (T-1 UTC): 2026-06-19
[09:20:59] Bronze container: bronze

## Symbol: BTCUSDT

[09:20:59] Checking source: https://data.binance.vision/data/spot/daily/aggTrades/BTCUSDT/BTCUSDT-aggTrades-2026-06-19.zip
[09:20:59] Downloading and hashing in memory...
[09:21:00] Downloaded 9.2 MiB. sha256 prefix: a8f752d707cd
[09:21:00] Uploading raw zip to az://bronze/raw/symbol=BTCUSDT/batch_date=2026-06-19/BTCUSDT-aggTrades-2026-06-19.zip
[09:21:03] Parsing CSV from zip...
[09:21:04] Parsed 641,840 rows, 8 columns
[09:21:04] Uploading parquet copy to UC Volume /Volumes/workspace/default/tickstream_bronze/symbol=BTCUSDT/batch_date=2026-06-19/agg_trades.parquet
[09:21:06] Volume upload done (15.7 MiB)
[09:21:06] Writing Bronze Delta to az://bronze/delta/bronze_agg_trades (append, partitioned by symbol+batch_date)
[09:21:13] BTCUSDT done.

## Symbol: ETHUSDT

[09:21:13] Checking source: https://data.binance.vision/data/spot/daily/aggTrades/ETHUSDT/ETHUSDT-aggTrades-2026-06-19.zip
[09:21:14] Downloading and hashing in memory...
[09:21:15] Downloaded 8.9 MiB. sha256 prefix: 2a714ad19b12
[09:21:15] Uploading raw zip to az://bronze/raw/symbol=ETHUSDT/batch_date=2026-06-19/ETHUSDT-aggTrades-2026-06-19.zip
[09:21:17] Parsing CSV from zip...
[09:21:18] Parsed 628,856 rows, 8 columns
[09:21:18] Uploading parquet copy to UC Volume /Volumes/workspace/default/tickstream_bronze/symbol=ETHUSDT/batch_date=2026-06-19/agg_trades.parquet
[09:21:20] Volume upload done (14.4 MiB)
[09:21:20] Writing Bronze Delta to az://bronze/delta/bronze_agg_trades (append, partitioned by symbol+batch_date)
[09:21:27] ETHUSDT done.

## Symbol: SOLUSDT

[09:21:27] Checking source: https://data.binance.vision/data/spot/daily/aggTrades/SOLUSDT/SOLUSDT-aggTrades-2026-06-19.zip
[09:21:27] Downloading and hashing in memory...
[09:21:28] Downloaded 1.8 MiB. sha256 prefix: c8eaffe1eb09
[09:21:28] Uploading raw zip to az://bronze/raw/symbol=SOLUSDT/batch_date=2026-06-19/SOLUSDT-aggTrades-2026-06-19.zip
[09:21:29] Parsing CSV from zip...
[09:21:30] Parsed 106,258 rows, 8 columns
[09:21:30] Uploading parquet copy to UC Volume /Volumes/workspace/default/tickstream_bronze/symbol=SOLUSDT/batch_date=2026-06-19/agg_trades.parquet
[09:21:31] Volume upload done (3.4 MiB)
[09:21:31] Writing Bronze Delta to az://bronze/delta/bronze_agg_trades (append, partitioned by symbol+batch_date)
[09:21:36] SOLUSDT done.

## Result

- Status: **SUCCESS**
- Summary: processed=3, skipped_unchanged=0, missing_source=0, errors=0
- Ended at (UTC): 2026-06-20T09:21:36.636069+00:00
- Duration: 37.3 seconds
