# Pipeline run 20260604_020536_72bc7d05

Started at (UTC): 2026-06-04T02:05:36.726094+00:00

[02:05:36] Run id: 20260604_020536_72bc7d05
[02:05:36] Symbols: BTCUSDT, ETHUSDT, SOLUSDT
[02:05:36] Batch date (T-1 UTC): 2026-06-03
[02:05:36] Bronze container: bronze

## Symbol: BTCUSDT

[02:05:36] Checking source: https://data.binance.vision/data/spot/daily/aggTrades/BTCUSDT/BTCUSDT-aggTrades-2026-06-03.zip
[02:05:37] Source not yet available for BTCUSDT on 2026-06-03.

## Symbol: ETHUSDT

[02:05:37] Checking source: https://data.binance.vision/data/spot/daily/aggTrades/ETHUSDT/ETHUSDT-aggTrades-2026-06-03.zip
[02:05:38] Source not yet available for ETHUSDT on 2026-06-03.

## Symbol: SOLUSDT

[02:05:38] Checking source: https://data.binance.vision/data/spot/daily/aggTrades/SOLUSDT/SOLUSDT-aggTrades-2026-06-03.zip
[02:05:38] Source not yet available for SOLUSDT on 2026-06-03.

## Result

- Status: **WAITING_SOURCE**
- Summary: processed=0, skipped_unchanged=0, missing_source=3, errors=0
- Ended at (UTC): 2026-06-04T02:05:38.679525+00:00
- Duration: 2.0 seconds
