# Pipeline run 20260604_100047_aec2f18d

Started at (UTC): 2026-06-04T10:00:47.127300+00:00

[10:00:47] Run id: 20260604_100047_aec2f18d
[10:00:47] Symbols: BTCUSDT, ETHUSDT, SOLUSDT
[10:00:47] Batch date (T-1 UTC): 2026-06-03
[10:00:47] Bronze container: bronze

## Symbol: BTCUSDT

[10:00:47] Checking source: https://data.binance.vision/data/spot/daily/aggTrades/BTCUSDT/BTCUSDT-aggTrades-2026-06-03.zip
[10:00:47] Downloading and hashing in memory...
[10:00:49] Downloaded 23.8 MiB. sha256 prefix: 94bbc68aa969
[10:00:49] Uploading raw zip to az://bronze/raw/symbol=BTCUSDT/batch_date=2026-06-03/BTCUSDT-aggTrades-2026-06-03.zip
[10:00:53] Parsing CSV from zip...
[10:00:56] Parsed 1,721,175 rows, 8 columns
[10:00:56] Uploading parquet copy to UC Volume /Volumes/workspace/default/tickstream_bronze/symbol=BTCUSDT/batch_date=2026-06-03/agg_trades.parquet
[10:01:00] Volume upload done (41.0 MiB)
[10:01:00] Writing Bronze Delta to az://bronze/delta/bronze_agg_trades (append, partitioned by symbol+batch_date)
[10:01:10] BTCUSDT done.

## Symbol: ETHUSDT

[10:01:10] Checking source: https://data.binance.vision/data/spot/daily/aggTrades/ETHUSDT/ETHUSDT-aggTrades-2026-06-03.zip
[10:01:10] Downloading and hashing in memory...
[10:01:13] Downloaded 22.6 MiB. sha256 prefix: d87240676b1d
[10:01:13] Uploading raw zip to az://bronze/raw/symbol=ETHUSDT/batch_date=2026-06-03/ETHUSDT-aggTrades-2026-06-03.zip
[10:01:16] Parsing CSV from zip...
[10:01:19] Parsed 1,563,283 rows, 8 columns
[10:01:19] Uploading parquet copy to UC Volume /Volumes/workspace/default/tickstream_bronze/symbol=ETHUSDT/batch_date=2026-06-03/agg_trades.parquet
[10:01:21] Volume upload done (36.1 MiB)
[10:01:21] Writing Bronze Delta to az://bronze/delta/bronze_agg_trades (append, partitioned by symbol+batch_date)
[10:01:31] ETHUSDT done.

## Symbol: SOLUSDT

[10:01:31] Checking source: https://data.binance.vision/data/spot/daily/aggTrades/SOLUSDT/SOLUSDT-aggTrades-2026-06-03.zip
[10:01:32] Downloading and hashing in memory...
[10:01:33] Downloaded 3.7 MiB. sha256 prefix: 4580ef274a09
[10:01:33] Uploading raw zip to az://bronze/raw/symbol=SOLUSDT/batch_date=2026-06-03/SOLUSDT-aggTrades-2026-06-03.zip
[10:01:35] Parsing CSV from zip...
[10:01:36] Parsed 216,864 rows, 8 columns
[10:01:36] Uploading parquet copy to UC Volume /Volumes/workspace/default/tickstream_bronze/symbol=SOLUSDT/batch_date=2026-06-03/agg_trades.parquet
[10:01:37] Volume upload done (6.3 MiB)
[10:01:37] Writing Bronze Delta to az://bronze/delta/bronze_agg_trades (append, partitioned by symbol+batch_date)
[10:01:43] SOLUSDT done.

## Result

- Status: **SUCCESS**
- Summary: processed=3, skipped_unchanged=0, missing_source=0, errors=0
- Ended at (UTC): 2026-06-04T10:01:43.717029+00:00
- Duration: 56.6 seconds
