# Pipeline run 20260603_170830_ad55e51b

Started at (UTC): 2026-06-03T17:08:30.289910+00:00

[17:08:30] Run id: 20260603_170830_ad55e51b
[17:08:30] Symbols: BTCUSDT, ETHUSDT, SOLUSDT
[17:08:30] Batch date (T-1 UTC): 2026-06-02
[17:08:30] Bronze container: bronze

## Symbol: BTCUSDT

[17:08:30] Checking source: https://data.binance.vision/data/spot/daily/aggTrades/BTCUSDT/BTCUSDT-aggTrades-2026-06-02.zip
[17:08:30] Downloading and hashing in memory...
[17:08:33] Downloaded 23.3 MiB. sha256 prefix: 840ba4cbb1db
[17:08:33] Hash unchanged since 2026-06-02 (prior ingest at 2026-06-03T12:34:53.774597+00:00). Skipping.

## Symbol: ETHUSDT

[17:08:33] Checking source: https://data.binance.vision/data/spot/daily/aggTrades/ETHUSDT/ETHUSDT-aggTrades-2026-06-02.zip
[17:08:33] Downloading and hashing in memory...
[17:08:35] Downloaded 20.0 MiB. sha256 prefix: 4b289510091c
[17:08:35] Hash unchanged since 2026-06-02 (prior ingest at 2026-06-03T12:35:14.452495+00:00). Skipping.

## Symbol: SOLUSDT

[17:08:35] Checking source: https://data.binance.vision/data/spot/daily/aggTrades/SOLUSDT/SOLUSDT-aggTrades-2026-06-02.zip
[17:08:36] Downloading and hashing in memory...
[17:08:37] Downloaded 3.7 MiB. sha256 prefix: da9b9ab0397a
[17:08:37] Hash unchanged since 2026-06-02 (prior ingest at 2026-06-03T12:35:30.390612+00:00). Skipping.

## Result

- Status: **SKIPPED**
- Summary: processed=0, skipped_unchanged=3, missing_source=0, errors=0
- Ended at (UTC): 2026-06-03T17:08:37.815548+00:00
- Duration: 7.5 seconds
