# Pipeline run 20260608_110248_9cc54d56

Started at (UTC): 2026-06-08T11:02:48.323711+00:00

[11:02:48] Run id: 20260608_110248_9cc54d56
[11:02:48] Symbols: BTCUSDT, ETHUSDT, SOLUSDT
[11:02:48] Batch date (T-1 UTC): 2026-06-07
[11:02:48] Bronze container: bronze

## Symbol: BTCUSDT

[11:02:48] Checking source: https://data.binance.vision/data/spot/daily/aggTrades/BTCUSDT/BTCUSDT-aggTrades-2026-06-07.zip
[11:02:48] Downloading and hashing in memory...
[11:02:51] Downloaded 18.4 MiB. sha256 prefix: 2df2d1485838
[11:02:51] Uploading raw zip to az://bronze/raw/symbol=BTCUSDT/batch_date=2026-06-07/BTCUSDT-aggTrades-2026-06-07.zip
[11:02:55] Parsing CSV from zip...
[11:02:57] Parsed 1,327,415 rows, 8 columns
[11:02:57] Uploading parquet copy to UC Volume /Volumes/workspace/default/tickstream_bronze/symbol=BTCUSDT/batch_date=2026-06-07/agg_trades.parquet
[11:03:01] Volume upload done (31.9 MiB)
[11:03:01] Writing Bronze Delta to az://bronze/delta/bronze_agg_trades (append, partitioned by symbol+batch_date)
[11:03:11] BTCUSDT done.

## Symbol: ETHUSDT

[11:03:11] Checking source: https://data.binance.vision/data/spot/daily/aggTrades/ETHUSDT/ETHUSDT-aggTrades-2026-06-07.zip
[11:03:11] Downloading and hashing in memory...
[11:03:13] Downloaded 16.9 MiB. sha256 prefix: 96c2e6edc614
[11:03:13] Uploading raw zip to az://bronze/raw/symbol=ETHUSDT/batch_date=2026-06-07/ETHUSDT-aggTrades-2026-06-07.zip
[11:03:16] Parsing CSV from zip...
[11:03:19] Parsed 1,146,702 rows, 8 columns
[11:03:19] Uploading parquet copy to UC Volume /Volumes/workspace/default/tickstream_bronze/symbol=ETHUSDT/batch_date=2026-06-07/agg_trades.parquet
[11:03:21] Volume upload done (26.8 MiB)
[11:03:21] Writing Bronze Delta to az://bronze/delta/bronze_agg_trades (append, partitioned by symbol+batch_date)
[11:03:29] ETHUSDT done.

## Symbol: SOLUSDT

[11:03:29] Checking source: https://data.binance.vision/data/spot/daily/aggTrades/SOLUSDT/SOLUSDT-aggTrades-2026-06-07.zip
[11:03:30] Downloading and hashing in memory...
[11:03:32] Downloaded 3.1 MiB. sha256 prefix: 4302f727b8f3
[11:03:32] Uploading raw zip to az://bronze/raw/symbol=SOLUSDT/batch_date=2026-06-07/SOLUSDT-aggTrades-2026-06-07.zip
[11:03:34] Parsing CSV from zip...
[11:03:34] Parsed 182,008 rows, 8 columns
[11:03:34] Uploading parquet copy to UC Volume /Volumes/workspace/default/tickstream_bronze/symbol=SOLUSDT/batch_date=2026-06-07/agg_trades.parquet
[11:03:35] Volume upload done (5.4 MiB)
[11:03:35] Writing Bronze Delta to az://bronze/delta/bronze_agg_trades (append, partitioned by symbol+batch_date)
[11:03:42] SOLUSDT done.

## Result

- Status: **SUCCESS**
- Summary: processed=3, skipped_unchanged=0, missing_source=0, errors=0
- Ended at (UTC): 2026-06-08T11:03:42.249055+00:00
- Duration: 53.9 seconds
