# Pipeline run 20260603_205833_462bf0a5

Started at (UTC): 2026-06-03T20:58:33.800501+00:00

[20:58:33] Run id: 20260603_205833_462bf0a5
[20:58:33] Symbols: BTCUSDT, ETHUSDT, SOLUSDT
[20:58:33] Batch date (T-1 UTC): 2026-06-02
[20:58:33] Bronze container: bronze

## Symbol: BTCUSDT

[20:58:33] Checking source: https://data.binance.vision/data/spot/daily/aggTrades/BTCUSDT/BTCUSDT-aggTrades-2026-06-02.zip
[20:58:34] Downloading and hashing in memory...
[20:58:35] Downloaded 23.3 MiB. sha256 prefix: 840ba4cbb1db
[20:58:35] Hash unchanged since 2026-06-02 (prior ingest at 2026-06-03T12:34:53.774597+00:00). Skipping.

## Symbol: ETHUSDT

[20:58:35] Checking source: https://data.binance.vision/data/spot/daily/aggTrades/ETHUSDT/ETHUSDT-aggTrades-2026-06-02.zip
[20:58:36] Downloading and hashing in memory...
[20:58:37] Downloaded 20.0 MiB. sha256 prefix: 4b289510091c
[20:58:37] Hash unchanged since 2026-06-02 (prior ingest at 2026-06-03T12:35:14.452495+00:00). Skipping.

## Symbol: SOLUSDT

[20:58:37] Checking source: https://data.binance.vision/data/spot/daily/aggTrades/SOLUSDT/SOLUSDT-aggTrades-2026-06-02.zip
[20:58:38] Downloading and hashing in memory...
[20:58:39] Downloaded 3.7 MiB. sha256 prefix: da9b9ab0397a
[20:58:39] Hash unchanged since 2026-06-02 (prior ingest at 2026-06-03T12:35:30.390612+00:00). Skipping.

## Result

- Status: **SKIPPED**
- Summary: processed=0, skipped_unchanged=3, missing_source=0, errors=0
- Ended at (UTC): 2026-06-03T20:58:39.147538+00:00
- Duration: 5.3 seconds
